     16384	        16	  470.5882	31.696
     32768	        16	  945.5217	32.462
     65536	        16	 1607.5353	32.034
    131072	        16	 3027.3465	32.294
    262144	        16	 4506.0506	32.328
    524288	        16	 6086.1813	32.434
   1024000	        16	 7331.0425	32.286
     16384	        32	  533.3333	32.355
     32768	        32	  920.8633	32.568
     65536	        32	 1939.3939	32.495
    131072	        32	 3488.9268	32.047
    262144	        32	 6077.1512	32.335
    524288	        32	 7717.3807	32.379
   1024000	        32	11834.3191	32.325
     16384	        64	  571.4286	32.532
     32768	        64	 1080.1688	32.474
     65536	        64	 2072.8746	32.243
    131072	        64	 3915.8698	32.234
    262144	        64	 6720.2627	32.303
    524288	        64	10988.5987	32.273
   1024000	        64	16153.4583	32.270
     16384	       128	  380.9524	32.599
     32768	       128	 1061.1399	31.973
     65536	       128	 1915.8092	32.266
    131072	       128	 3957.4881	32.182
    262144	       128	 7393.5014	32.267
    524288	       128	12402.7248	32.271
   1024000	       128	16088.4866	32.253
